0 info it worked if it ends with ok
1 verbose cli [
1 verbose cli   'C:\\Program Files\\nodejs\\node.exe',
1 verbose cli   'C:\\Users\\ahmet.sezen\\AppData\\Roaming\\npm\\node_modules\\npm\\bin\\npm-cli.js',
1 verbose cli   'start'
1 verbose cli ]
2 info using npm@6.14.5
3 info using node@v12.16.2
4 verbose run-script [ 'prestart', 'start', 'poststart' ]
5 info lifecycle twtcher@0.1.0~prestart: twtcher@0.1.0
6 info lifecycle twtcher@0.1.0~start: twtcher@0.1.0
7 verbose lifecycle twtcher@0.1.0~start: unsafe-perm in lifecycle true
8 verbose lifecycle twtcher@0.1.0~start: PATH: C:\Users\ahmet.sezen\AppData\Roaming\npm\node_modules\npm\node_modules\npm-lifecycle\node-gyp-bin;C:\Users\ahmet.sezen\Desktop\github\master\node_modules\.bin;C:\Program Files\Git\mingw64\bin;C:\Program Files\Git\usr\bin;C:\Users\ahmet.sezen\bin;C:\Program Files (x86)\Common Files\Oracle\Java\javapath;C:\ProgramData\Oracle\Java\javapath;C:\WINDOWS\system32;C:\WINDOWS;C:\WINDOWS\System32\Wbem;C:\WINDOWS\System32\WindowsPowerShell\v1.0;C:\WINDOWS\System32\OpenSSH;C:\Program Files\nodejs;C:\Program Files\Git\cmd;%ANDROID_SDK_ROOT%\emulator;%ANDROID_SDK_ROOT%\tools;%ANDROID_SDK_ROOT%\tools\bin;%ANDROID_SDK_ROOT%\platform-tools;%ANDROID_SDK_ROOT%\build-tools;%JAVA_HOME%\bin;C:\Users\ahmet.sezen\AppData\Roaming\npm;C:\Gradle\gradle-6.4.1-bin\gradle-6.4.1\bin;C:\Go\bin;C:\Ruby26-x64\bin;C:\Program Files\Java\java-1.8.0;C:\Users\ahmet.sezen\AppData\Local\Programs\Microsoft VS Code\bin;C:\Users\ahmet.sezen\AppData\Local\atom\bin;C:\Users\ahmet.sezen\AppData\Local\GitHubDesktop\bin;C:\Users\ahmet.sezen\go\bin;C:\Users\ahmet.sezen\AppData\Local\Microsoft\WindowsApps
9 verbose lifecycle twtcher@0.1.0~start: CWD: C:\Users\ahmet.sezen\Desktop\github\master
10 silly lifecycle twtcher@0.1.0~start: Args: [ '/d /s /c', 'react-scripts start' ]
11 silly lifecycle twtcher@0.1.0~start: Returned: code: 1  signal: null
12 info lifecycle twtcher@0.1.0~start: Failed to exec start script
13 verbose stack Error: twtcher@0.1.0 start: `react-scripts start`
13 verbose stack Exit status 1
13 verbose stack     at EventEmitter.<anonymous> (C:\Users\ahmet.sezen\AppData\Roaming\npm\node_modules\npm\node_modules\npm-lifecycle\index.js:332:16)
13 verbose stack     at EventEmitter.emit (events.js:310:20)
13 verbose stack     at ChildProcess.<anonymous> (C:\Users\ahmet.sezen\AppData\Roaming\npm\node_modules\npm\node_modules\npm-lifecycle\lib\spawn.js:55:14)
13 verbose stack     at ChildProcess.emit (events.js:310:20)
13 verbose stack     at maybeClose (internal/child_process.js:1021:16)
13 verbose stack     at Process.ChildProcess._handle.onexit (internal/child_process.js:286:5)
14 verbose pkgid twtcher@0.1.0
15 verbose cwd C:\Users\ahmet.sezen\Desktop\github\master
16 verbose Windows_NT 10.0.19041
17 verbose argv "C:\\Program Files\\nodejs\\node.exe" "C:\\Users\\ahmet.sezen\\AppData\\Roaming\\npm\\node_modules\\npm\\bin\\npm-cli.js" "start"
18 verbose node v12.16.2
19 verbose npm  v6.14.5
20 error code ELIFECYCLE
21 error errno 1
22 error twtcher@0.1.0 start: `react-scripts start`
22 error Exit status 1
23 error Failed at the twtcher@0.1.0 start script.
23 error This is probably not a problem with npm. There is likely additional logging output above.
24 verbose exit [ 1, true ]
